<?xml version="1.0" encoding="UTF-8"?>
<testng-results ignored="0" total="3" passed="3" failed="0" skipped="0">
  <reporter-output>
  </reporter-output>
  <suite started-at="2023-11-30T11:55:41 IST" name="Suite" finished-at="2023-11-30T11:55:42 IST" duration-ms="371">
    <groups>
    </groups>
    <test started-at="2023-11-30T11:55:41 IST" name="Test" finished-at="2023-11-30T11:55:42 IST" duration-ms="371">
      <class name="testNGPackage.Sumo">
        <test-method signature="f()[pri:0, instance:testNGPackage.Sumo@54a7079e]" started-at="2023-11-30T11:55:42 IST" name="f" finished-at="2023-11-30T11:55:42 IST" duration-ms="6" status="PASS">
          <reporter-output>
          </reporter-output>
        </test-method> <!-- f -->
      </class> <!-- testNGPackage.Sumo -->
      <class name="testNGPackage.NewTest">
        <test-method signature="f()[pri:0, instance:testNGPackage.NewTest@2c1b194a]" started-at="2023-11-30T11:55:42 IST" name="f" finished-at="2023-11-30T11:55:42 IST" duration-ms="65" status="PASS">
          <reporter-output>
          </reporter-output>
        </test-method> <!-- f -->
      </class> <!-- testNGPackage.NewTest -->
      <class name="testNGPackage.Remo">
        <test-method signature="f()[pri:0, instance:testNGPackage.Remo@4310d43]" started-at="2023-11-30T11:55:42 IST" name="f" finished-at="2023-11-30T11:55:42 IST" duration-ms="6" status="PASS">
          <reporter-output>
          </reporter-output>
        </test-method> <!-- f -->
      </class> <!-- testNGPackage.Remo -->
    </test> <!-- Test -->
  </suite> <!-- Suite -->
</testng-results>
