<?xml version="1.0" encoding="UTF-8"?>
<testng-results ignored="0" total="5" passed="5" failed="0" skipped="0">
  <reporter-output>
  </reporter-output>
  <suite started-at="2023-12-07T12:55:20 IST" name="Default suite" finished-at="2023-12-07T12:55:41 IST" duration-ms="21307">
    <groups>
    </groups>
    <test started-at="2023-12-07T12:55:20 IST" name="Default test" finished-at="2023-12-07T12:55:41 IST" duration-ms="21307">
      <class name="testNGAnnotations_Flag.ActiTimeDataProviderFlag">
        <test-method signature="invalidLoginMethod(java.lang.String,java.lang.String)[pri:0, instance:testNGAnnotations_Flag.ActiTimeDataProviderFlag@47d9a273]" started-at="2023-12-07T12:55:20 IST" name="invalidLoginMethod" data-provider="TestData" finished-at="2023-12-07T12:55:25 IST" duration-ms="4732" status="PASS">
          <params>
            <param index="0">
              <value>
                <![CDATA[ad_min]]>
              </value>
            </param>
            <param index="1">
              <value>
                <![CDATA[mana_ger]]>
              </value>
            </param>
          </params>
          <reporter-output>
          </reporter-output>
        </test-method> <!-- invalidLoginMethod -->
        <test-method signature="invalidLoginMethod(java.lang.String,java.lang.String)[pri:0, instance:testNGAnnotations_Flag.ActiTimeDataProviderFlag@47d9a273]" started-at="2023-12-07T12:55:25 IST" name="invalidLoginMethod" data-provider="TestData" finished-at="2023-12-07T12:55:29 IST" duration-ms="3993" status="PASS">
          <params>
            <param index="0">
              <value>
                <![CDATA[admin123]]>
              </value>
            </param>
            <param index="1">
              <value>
                <![CDATA[manager123]]>
              </value>
            </param>
          </params>
          <reporter-output>
          </reporter-output>
        </test-method> <!-- invalidLoginMethod -->
        <test-method signature="invalidLoginMethod(java.lang.String,java.lang.String)[pri:0, instance:testNGAnnotations_Flag.ActiTimeDataProviderFlag@47d9a273]" started-at="2023-12-07T12:55:29 IST" name="invalidLoginMethod" data-provider="TestData" finished-at="2023-12-07T12:55:33 IST" duration-ms="3984" status="PASS">
          <params>
            <param index="0">
              <value>
                <![CDATA[123admin]]>
              </value>
            </param>
            <param index="1">
              <value>
                <![CDATA[2134manager]]>
              </value>
            </param>
          </params>
          <reporter-output>
          </reporter-output>
        </test-method> <!-- invalidLoginMethod -->
        <test-method signature="invalidLoginMethod(java.lang.String,java.lang.String)[pri:0, instance:testNGAnnotations_Flag.ActiTimeDataProviderFlag@47d9a273]" started-at="2023-12-07T12:55:33 IST" name="invalidLoginMethod" data-provider="TestData" finished-at="2023-12-07T12:55:38 IST" duration-ms="4963" status="PASS">
          <params>
            <param index="0">
              <value>
                <![CDATA[ad_min123]]>
              </value>
            </param>
            <param index="1">
              <value>
                <![CDATA[mana_ger214]]>
              </value>
            </param>
          </params>
          <reporter-output>
          </reporter-output>
        </test-method> <!-- invalidLoginMethod -->
        <test-method signature="invalidLoginMethod(java.lang.String,java.lang.String)[pri:0, instance:testNGAnnotations_Flag.ActiTimeDataProviderFlag@47d9a273]" started-at="2023-12-07T12:55:38 IST" name="invalidLoginMethod" data-provider="TestData" finished-at="2023-12-07T12:55:41 IST" duration-ms="3538" status="PASS">
          <params>
            <param index="0">
              <value>
                <![CDATA[admi324n]]>
              </value>
            </param>
            <param index="1">
              <value>
                <![CDATA[ma34nager]]>
              </value>
            </param>
          </params>
          <reporter-output>
          </reporter-output>
        </test-method> <!-- invalidLoginMethod -->
      </class> <!-- testNGAnnotations_Flag.ActiTimeDataProviderFlag -->
    </test> <!-- Default test -->
  </suite> <!-- Default suite -->
</testng-results>
