<?xml version="1.0" encoding="UTF-8"?>
<!-- Generated by org.testng.reporters.JUnitXMLReporter -->
<testsuite ignored="0" hostname="DESKTOP-5J6CC5A" failures="0" tests="5" name="Default test" time="21.307" errors="0" timestamp="2023-12-07T12:55:41 IST">
  <testcase classname="testNGAnnotations_Flag.ActiTimeDataProviderFlag" name="invalidLoginMethod" time="4.732"/>
  <testcase classname="testNGAnnotations_Flag.ActiTimeDataProviderFlag" name="invalidLoginMethod" time="3.993"/>
  <testcase classname="testNGAnnotations_Flag.ActiTimeDataProviderFlag" name="invalidLoginMethod" time="3.984"/>
  <testcase classname="testNGAnnotations_Flag.ActiTimeDataProviderFlag" name="invalidLoginMethod" time="4.963"/>
  <testcase classname="testNGAnnotations_Flag.ActiTimeDataProviderFlag" name="invalidLoginMethod" time="3.538"/>
</testsuite> <!-- Default test -->
